\BOOKMARK [1][-]{section*.1}{Introduction }{}% 1
\BOOKMARK [1][-]{section*.2}{Quarkonium production in p+p collisions }{}% 2
\BOOKMARK [2][-]{section*.3}{NRQCD calculation of d/d }{section*.2}% 3
\BOOKMARK [2][-]{section*.4}{Feed-down contributions}{section*.2}% 4
\BOOKMARK [2][-]{section*.5}{Matrix elements for quarkonia production }{section*.2}% 5
\BOOKMARK [2][-]{section*.6}{Quarkonia yields in p+p and p+ collisions }{section*.2}% 6
\BOOKMARK [1][-]{section*.7}{Cold Nuclear Matter effects }{}% 7
\BOOKMARK [1][-]{section*.8}{Quarkonium Wavefunctions }{}% 8
\BOOKMARK [2][-]{section*.9}{The instantaneous wavefunctions }{section*.8}% 9
\BOOKMARK [2][-]{section*.10}{The light-cone wavefunction}{section*.8}% 10
\BOOKMARK [1][-]{section*.11}{Quarkonium dynamics at high transverse momentum }{}% 11
\BOOKMARK [2][-]{section*.12}{The rate equations}{section*.11}% 12
\BOOKMARK [2][-]{section*.13}{Formation time of quarkonium states }{section*.11}% 13
\BOOKMARK [2][-]{section*.14}{ Dissociation time of quarkonium states }{section*.11}% 14
\BOOKMARK [2][-]{section*.15}{Quenching of the color-octet state }{section*.11}% 15
\BOOKMARK [1][-]{section*.16}{Numerical results for the nuclear modification factors }{}% 16
\BOOKMARK [2][-]{section*.17}{RAA for J/ and \(1S\) }{section*.16}% 17
\BOOKMARK [2][-]{section*.18}{Transverse momentum broadening effects }{section*.16}% 18
\BOOKMARK [1][-]{section*.19}{Conclusions }{}% 19
\BOOKMARK [1][-]{section*.20}{Acknowledgments}{}% 20
\BOOKMARK [1][-]{section*.21}{Fitting color-octet matrix elements for charmonia and a baseline for LHC at S=2.76 TeV }{}% 21
\BOOKMARK [1][-]{section*.22}{Fitting color-octet matrix elements for bottomonia and a baseline for LHC at S=2.76 TeV }{}% 22
\BOOKMARK [1][-]{section*.23}{B feed-down contribution }{}% 23
\BOOKMARK [1][-]{section*.24}{Results for J/ production at forward rapidity y=3 \040}{}% 24
\BOOKMARK [1][-]{section*.25}{References}{}% 25
