This is pdfTeX, Version 3.1415926-2.5-1.40.14 (TeX Live 2013/Debian) (format=pdflatex 2014.7.12)  29 JUN 2017 12:08
entering extended mode
 restricted \write18 enabled.
 %&-line parsing enabled.
**QuarkoniaProd.tex
(./QuarkoniaProd.tex
LaTeX2e <2011/06/27>
Babel <3.9h> and hyphenation patterns for 78 languages loaded.
(./iopart.cls
Document Class: iopart 1996/06/10 v0.0 IOP Journals LaTeX article class
(./iopart12.clo
File: iopart12.clo 1997/01/15 v1.0 LaTeX2e file (size option)
)
\c@jnl=\count79
\c@section=\count80
\c@subsection=\count81
\c@subsubsection=\count82
\c@paragraph=\count83
\c@subparagraph=\count84
\c@figure=\count85
\c@table=\count86
\abovecaptionskip=\skip41
\belowcaptionskip=\skip42
\indentedwidth=\skip43
\mathindent=\dimen102
\c@eqnval=\count87
) (/usr/share/texlive/texmf-dist/tex/latex/tools/verbatim.sty
Package: verbatim 2003/08/22 v1.5q LaTeX2e package for verbatim enhancements
\every@verbatim=\toks14
\verbatim@line=\toks15
\verbatim@in@stream=\read1
)
(/usr/share/texlive/texmf-dist/tex/latex/graphics/graphicx.sty
Package: graphicx 1999/02/16 v1.0f Enhanced LaTeX Graphics (DPC,SPQR)

(/usr/share/texlive/texmf-dist/tex/latex/graphics/keyval.sty
Package: keyval 1999/03/16 v1.13 key=value parser (DPC)
\KV@toks@=\toks16
)
(/usr/share/texlive/texmf-dist/tex/latex/graphics/graphics.sty
Package: graphics 2009/02/05 v1.0o Standard LaTeX Graphics (DPC,SPQR)

(/usr/share/texlive/texmf-dist/tex/latex/graphics/trig.sty
Package: trig 1999/03/16 v1.09 sin cos tan (DPC)
)
(/usr/share/texlive/texmf-dist/tex/latex/latexconfig/graphics.cfg
File: graphics.cfg 2010/04/23 v1.9 graphics configuration of TeX Live
)
Package graphics Info: Driver file: pdftex.def on input line 91.

(/usr/share/texlive/texmf-dist/tex/latex/pdftex-def/pdftex.def
File: pdftex.def 2011/05/27 v0.06d Graphics/color for pdfTeX

(/usr/share/texlive/texmf-dist/tex/generic/oberdiek/infwarerr.sty
Package: infwarerr 2010/04/08 v1.3 Providing info/warning/error messages (HO)
)
(/usr/share/texlive/texmf-dist/tex/generic/oberdiek/ltxcmds.sty
Package: ltxcmds 2011/11/09 v1.22 LaTeX kernel commands for general use (HO)
)
\Gread@gobject=\count88
))
\Gin@req@height=\dimen103
\Gin@req@width=\dimen104
)
(/usr/share/texmf/tex/latex/xcolor/xcolor.sty
Package: xcolor 2007/01/21 v2.11 LaTeX color extensions (UK)

(/usr/share/texlive/texmf-dist/tex/latex/latexconfig/color.cfg
File: color.cfg 2007/01/18 v1.5 color configuration of teTeX/TeXLive
)
Package xcolor Info: Package option `usenames' ignored on input line 216.
Package xcolor Info: Driver file: pdftex.def on input line 225.

(/usr/share/texlive/texmf-dist/tex/latex/colortbl/colortbl.sty
Package: colortbl 2012/02/13 v1.0a Color table columns (DPC)

(/usr/share/texlive/texmf-dist/tex/latex/tools/array.sty
Package: array 2008/09/09 v2.4c Tabular extension package (FMi)
\col@sep=\dimen105
\extrarowheight=\dimen106
\NC@list=\toks17
\extratabsurround=\skip44
\backup@length=\skip45


LaTeX Warning: Command \@xhline  has changed.
               Check if current package is valid.

)
\everycr=\toks18
\minrowclearance=\skip46
)
\rownum=\count89
Package xcolor Info: Model `cmy' substituted by `cmy0' on input line 1337.
Package xcolor Info: Model `hsb' substituted by `rgb' on input line 1341.
Package xcolor Info: Model `RGB' extended on input line 1353.
Package xcolor Info: Model `HTML' substituted by `rgb' on input line 1355.
Package xcolor Info: Model `Hsb' substituted by `hsb' on input line 1356.
Package xcolor Info: Model `tHsb' substituted by `hsb' on input line 1357.
Package xcolor Info: Model `HSB' substituted by `hsb' on input line 1358.
Package xcolor Info: Model `Gray' substituted by `gray' on input line 1359.
Package xcolor Info: Model `wave' substituted by `hsb' on input line 1360.
 (/usr/share/texlive/texmf-dist/tex/latex/graphics/dvipsnam.def
File: dvipsnam.def 1999/02/16 v3.0i Driver-dependant file (DPC,SPQR)
)
(/usr/share/texmf/tex/latex/xcolor/svgnam.def
File: svgnam.def 2007/01/21 v2.11 Predefined colors according to SVG 1.1 (UK)
))
(/usr/share/texlive/texmf-dist/tex/latex/hyperref/hyperref.sty
Package: hyperref 2012/11/06 v6.83m Hypertext links for LaTeX

(/usr/share/texlive/texmf-dist/tex/generic/oberdiek/hobsub-hyperref.sty
Package: hobsub-hyperref 2012/05/28 v1.13 Bundle oberdiek, subset hyperref (HO)


(/usr/share/texlive/texmf-dist/tex/generic/oberdiek/hobsub-generic.sty
Package: hobsub-generic 2012/05/28 v1.13 Bundle oberdiek, subset generic (HO)
Package: hobsub 2012/05/28 v1.13 Construct package bundles (HO)
Package hobsub Info: Skipping package `infwarerr' (already loaded).
Package hobsub Info: Skipping package `ltxcmds' (already loaded).
Package: ifluatex 2010/03/01 v1.3 Provides the ifluatex switch (HO)
Package ifluatex Info: LuaTeX not detected.
Package: ifvtex 2010/03/01 v1.5 Detect VTeX and its facilities (HO)
Package ifvtex Info: VTeX not detected.
Package: intcalc 2007/09/27 v1.1 Expandable calculations with integers (HO)
Package: ifpdf 2011/01/30 v2.3 Provides the ifpdf switch (HO)
Package ifpdf Info: pdfTeX in PDF mode is detected.
Package: etexcmds 2011/02/16 v1.5 Avoid name clashes with e-TeX commands (HO)
Package etexcmds Info: Could not find \expanded.
(etexcmds)             That can mean that you are not using pdfTeX 1.50 or
(etexcmds)             that some package has redefined \expanded.
(etexcmds)             In the latter case, load this package earlier.
Package: kvsetkeys 2012/04/25 v1.16 Key value parser (HO)
Package: kvdefinekeys 2011/04/07 v1.3 Define keys (HO)
Package: pdftexcmds 2011/11/29 v0.20 Utility functions of pdfTeX for LuaTeX (HO
)
Package pdftexcmds Info: LuaTeX not detected.
Package pdftexcmds Info: \pdf@primitive is available.
Package pdftexcmds Info: \pdf@ifprimitive is available.
Package pdftexcmds Info: \pdfdraftmode found.
Package: pdfescape 2011/11/25 v1.13 Implements pdfTeX's escape features (HO)
Package: bigintcalc 2012/04/08 v1.3 Expandable calculations on big integers (HO
)
Package: bitset 2011/01/30 v1.1 Handle bit-vector datatype (HO)
Package: uniquecounter 2011/01/30 v1.2 Provide unlimited unique counter (HO)
)
Package hobsub Info: Skipping package `hobsub' (already loaded).
Package: letltxmacro 2010/09/02 v1.4 Let assignment for LaTeX macros (HO)
Package: hopatch 2012/05/28 v1.2 Wrapper for package hooks (HO)
Package: xcolor-patch 2011/01/30 xcolor patch
Package: atveryend 2011/06/30 v1.8 Hooks at the very end of document (HO)
Package atveryend Info: \enddocument detected (standard20110627).
Package: atbegshi 2011/10/05 v1.16 At begin shipout hook (HO)
Package: refcount 2011/10/16 v3.4 Data extraction from label references (HO)
Package: hycolor 2011/01/30 v1.7 Color options for hyperref/bookmark (HO)
)
(/usr/share/texlive/texmf-dist/tex/generic/ifxetex/ifxetex.sty
Package: ifxetex 2010/09/12 v0.6 Provides ifxetex conditional
)
(/usr/share/texlive/texmf-dist/tex/latex/oberdiek/auxhook.sty
Package: auxhook 2011/03/04 v1.3 Hooks for auxiliary files (HO)
)
(/usr/share/texlive/texmf-dist/tex/latex/oberdiek/kvoptions.sty
Package: kvoptions 2011/06/30 v3.11 Key value format for package options (HO)
)
\@linkdim=\dimen107
\Hy@linkcounter=\count90
\Hy@pagecounter=\count91

(/usr/share/texlive/texmf-dist/tex/latex/hyperref/pd1enc.def
File: pd1enc.def 2012/11/06 v6.83m Hyperref: PDFDocEncoding definition (HO)
)
\Hy@SavedSpaceFactor=\count92

(/usr/share/texlive/texmf-dist/tex/latex/latexconfig/hyperref.cfg
File: hyperref.cfg 2002/06/06 v1.2 hyperref configuration of TeXLive
)
Package hyperref Info: Option `final' set `true' on input line 4319.
Package hyperref Info: Option `breaklinks' set `true' on input line 4319.
Package hyperref Info: Option `colorlinks' set `true' on input line 4319.
Package hyperref Info: Hyper figures OFF on input line 4443.
Package hyperref Info: Link nesting OFF on input line 4448.
Package hyperref Info: Hyper index ON on input line 4451.
Package hyperref Info: Plain pages OFF on input line 4458.
Package hyperref Info: Backreferencing OFF on input line 4463.
Package hyperref Info: Implicit mode ON; LaTeX internals redefined.
Package hyperref Info: Bookmarks ON on input line 4688.
\c@Hy@tempcnt=\count93

(/usr/share/texlive/texmf-dist/tex/latex/url/url.sty
\Urlmuskip=\muskip10
Package: url 2013/09/16  ver 3.4  Verb mode for urls, etc.
)
LaTeX Info: Redefining \url on input line 5041.
\XeTeXLinkMargin=\dimen108
\Fld@menulength=\count94
\Field@Width=\dimen109
\Fld@charsize=\dimen110
Package hyperref Info: Hyper figures OFF on input line 6295.
Package hyperref Info: Link nesting OFF on input line 6300.
Package hyperref Info: Hyper index ON on input line 6303.
Package hyperref Info: backreferencing OFF on input line 6310.
Package hyperref Info: Link coloring ON on input line 6313.
Package hyperref Info: Link coloring with OCG OFF on input line 6320.
Package hyperref Info: PDF/A mode OFF on input line 6325.
LaTeX Info: Redefining \ref on input line 6365.
LaTeX Info: Redefining \pageref on input line 6369.
\Hy@abspage=\count95
\c@Item=\count96
\c@Hfootnote=\count97
)

Package hyperref Message: Driver (autodetected): hpdftex.

(/usr/share/texlive/texmf-dist/tex/latex/hyperref/hpdftex.def
File: hpdftex.def 2012/11/06 v6.83m Hyperref driver for pdfTeX
\Fld@listcount=\count98
\c@bookmark@seq@number=\count99

(/usr/share/texlive/texmf-dist/tex/latex/oberdiek/rerunfilecheck.sty
Package: rerunfilecheck 2011/04/15 v1.7 Rerun checks for auxiliary files (HO)
Package uniquecounter Info: New unique counter `rerunfilecheck' on input line 2
82.
)
\Hy@SectionHShift=\skip47
)
(/usr/share/texlive/texmf-dist/tex/latex/rotating/rotating.sty
Package: rotating 2009/03/28 v2.16a rotated objects in LaTeX

(/usr/share/texlive/texmf-dist/tex/latex/base/ifthen.sty
Package: ifthen 2001/05/26 v1.1c Standard LaTeX ifthen package (DPC)
)
\c@r@tfl@t=\count100
\rotFPtop=\skip48
\rotFPbot=\skip49
\rot@float@box=\box26
\rot@mess@toks=\toks19
)
(/usr/share/texlive/texmf-dist/tex/latex/tools/dcolumn.sty
Package: dcolumn 2001/05/28 v1.06 decimal alignment package (DPC)
)
(/usr/share/texlive/texmf-dist/tex/latex/tools/bm.sty
Package: bm 2004/02/26 v1.1c Bold Symbol Support (DPC/FMi)
\symboldoperators=\mathgroup4
\symboldletters=\mathgroup5
\symboldsymbols=\mathgroup6
LaTeX Font Info:    Redeclaring math alphabet \mathbf on input line 138.
LaTeX Info: Redefining \bm on input line 204.
)
(/usr/share/texlive/texmf-dist/tex/latex/graphics/epsfig.sty
Package: epsfig 1999/02/16 v1.7a (e)psfig emulation (SPQR)
\epsfxsize=\dimen111
\epsfysize=\dimen112
)
(/usr/share/texlive/texmf-dist/tex/generic/ulem/ulem.sty
\UL@box=\box27
\UL@hyphenbox=\box28
\UL@skip=\skip50
\UL@hook=\toks20
\UL@height=\dimen113
\UL@pe=\count101
\UL@pixel=\dimen114
\ULC@box=\box29
Package: ulem 2012/05/18
\ULdepth=\dimen115
)
(/usr/share/texlive/texmf-dist/tex/latex/appendix/appendix.sty
Package: appendix 2009/09/02 v1.2b extra appendix facilities
\c@@pps=\count102
\c@@ppsavesec=\count103
\c@@ppsaveapp=\count104
) (./iopams.sty
Package: iopams 1997/02/13 v1.0

(/usr/share/texlive/texmf-dist/tex/latex/amsmath/amsgen.sty
File: amsgen.sty 1999/11/30 v2.0
\@emptytoks=\toks21
\ex@=\dimen116
)
(/usr/share/texlive/texmf-dist/tex/latex/amsfonts/amsfonts.sty
Package: amsfonts 2013/01/14 v3.01 Basic AMSFonts support
\symAMSa=\mathgroup7
\symAMSb=\mathgroup8
LaTeX Font Info:    Overwriting math alphabet `\mathfrak' in version `bold'
(Font)                  U/euf/m/n --> U/euf/b/n on input line 106.
)
(/usr/share/texlive/texmf-dist/tex/latex/amsfonts/amssymb.sty
Package: amssymb 2013/01/14 v3.01 AMS font symbols
)
(/usr/share/texlive/texmf-dist/tex/latex/amsmath/amsbsy.sty
Package: amsbsy 1999/11/29 v1.2d
LaTeX Info: Redefining \boldsymbol on input line 39.
\pmbraise@=\dimen117
))
(/usr/share/texlive/texmf-dist/tex/latex/mwe/mwe.sty
Package: mwe 2012/05/15 v0.3 Package to support minimal working examples (MWE)

(/usr/share/texlive/texmf-dist/tex/latex/lipsum/lipsum.sty
Package: lipsum 2011/04/14 v1.2 150 paragraphs of Lorem Ipsum dummy text
\c@lips@count=\count105
)
(/usr/share/texlive/texmf-dist/tex/latex/blindtext/blindtext.sty
Package: blindtext 2012/01/06 V2.0 blindtext-Package

(/usr/share/texlive/texmf-dist/tex/latex/tools/xspace.sty
Package: xspace 2009/10/20 v1.13 Space after command names (DPC,MH)
)
\c@blindtext=\count106
\c@Blindtext=\count107
\c@blind@countparstart=\count108
\blind@countxx=\count109
\blindtext@numBlindtext=\count110
\blind@countyy=\count111
\c@blindlist=\count112
\c@blindlistlevel=\count113
\c@blindlist@level=\count114
\blind@listitem=\count115
\c@blind@listcount=\count116
\c@blind@levelcount=\count117
\blind@mathformula=\count118
\blind@Mathformula=\count119
\c@blind@randomcount=\count120
\c@blind@randommax=\count121
\c@blind@pangramcount=\count122
\c@blind@pangrammax=\count123
))
(/usr/share/texlive/texmf-dist/tex/latex/subfig/subfig.sty
Package: subfig 2005/06/28 ver: 1.3 subfig package

(/usr/share/texlive/texmf-dist/tex/latex/caption/caption.sty
Package: caption 2013/05/02 v3.3-89 Customizing captions (AR)

(/usr/share/texlive/texmf-dist/tex/latex/caption/caption3.sty
Package: caption3 2013/05/02 v1.6-88 caption3 kernel (AR)
Package caption3 Info: TeX engine: e-TeX on input line 57.
\captionmargin=\dimen118
\captionmargin@=\dimen119
\captionwidth=\dimen120
\caption@tempdima=\dimen121
\caption@indent=\dimen122
\caption@parindent=\dimen123
\caption@hangindent=\dimen124
Package caption Info: Unknown document class (or package),
(caption)             standard defaults will be used.
)

Package caption Warning: Unsupported document class (or package) detected,
(caption)                usage of the caption package is not recommended.
See the caption package documentation for explanation.

Package caption Info: \@makecaption = \long macro:#1#2->\vskip \abovecaptionski
p \begin {indented} \item []{\bf #1.} #2 \end {indented}\vskip \belowcaptionski
p .
\c@ContinuedFloat=\count124
Package caption Info: hyperref package is loaded.
Package caption Info: rotating package is loaded.
)
\c@KVtest=\count125
\sf@farskip=\skip51
\sf@captopadj=\dimen125
\sf@capskip=\skip52
\sf@nearskip=\skip53
\c@subfigure=\count126
\c@subfigure@save=\count127
\c@lofdepth=\count128
\c@subtable=\count129
\c@subtable@save=\count130
\c@lotdepth=\count131
\sf@top=\skip54
\sf@bottom=\skip55
) (/usr/share/texlive/texmf-dist/tex/latex/amsmath/amsmath.sty
Package: amsmath 2013/01/14 v2.14 AMS math features
\@mathmargin=\skip56

For additional information on amsmath, use the `?' option.
(/usr/share/texlive/texmf-dist/tex/latex/amsmath/amstext.sty
Package: amstext 2000/06/29 v2.01
)
(/usr/share/texlive/texmf-dist/tex/latex/amsmath/amsopn.sty
Package: amsopn 1999/12/14 v2.01 operator names
)
\inf@bad=\count132
LaTeX Info: Redefining \frac on input line 210.
\uproot@=\count133
\leftroot@=\count134
LaTeX Info: Redefining \overline on input line 306.
\classnum@=\count135
\DOTSCASE@=\count136
LaTeX Info: Redefining \ldots on input line 378.
LaTeX Info: Redefining \dots on input line 381.
LaTeX Info: Redefining \cdots on input line 466.
\Mathstrutbox@=\box30
\strutbox@=\box31
\big@size=\dimen126
LaTeX Font Info:    Redeclaring font encoding OML on input line 566.
LaTeX Font Info:    Redeclaring font encoding OMS on input line 567.
\macc@depth=\count137
\c@MaxMatrixCols=\count138
\dotsspace@=\muskip11
\c@parentequation=\count139
\dspbrk@lvl=\count140
\tag@help=\toks22
\row@=\count141
\column@=\count142
\maxfields@=\count143
\andhelp@=\toks23
\eqnshift@=\dimen127
\alignsep@=\dimen128
\tagshift@=\dimen129
\tagwidth@=\dimen130
\totwidth@=\dimen131
\lineht@=\dimen132
\@envbody=\toks24
\multlinegap=\skip57
\multlinetaggap=\skip58
\mathdisplay@stack=\toks25
LaTeX Info: Redefining \[ on input line 2665.
LaTeX Info: Redefining \] on input line 2666.
)
(./QuarkoniaProd.aux)
\openout1 = `QuarkoniaProd.aux'.

LaTeX Font Info:    Checking defaults for OML/cmm/m/it on input line 63.
LaTeX Font Info:    ... okay on input line 63.
LaTeX Font Info:    Checking defaults for T1/cmr/m/n on input line 63.
LaTeX Font Info:    ... okay on input line 63.
LaTeX Font Info:    Checking defaults for OT1/cmr/m/n on input line 63.
LaTeX Font Info:    ... okay on input line 63.
LaTeX Font Info:    Checking defaults for OMS/cmsy/m/n on input line 63.
LaTeX Font Info:    ... okay on input line 63.
LaTeX Font Info:    Checking defaults for OMX/cmex/m/n on input line 63.
LaTeX Font Info:    ... okay on input line 63.
LaTeX Font Info:    Checking defaults for U/cmr/m/n on input line 63.
LaTeX Font Info:    ... okay on input line 63.
LaTeX Font Info:    Checking defaults for PD1/pdf/m/n on input line 63.
LaTeX Font Info:    ... okay on input line 63.

(/usr/share/texlive/texmf-dist/tex/context/base/supp-pdf.mkii
[Loading MPS to PDF converter (version 2006.09.02).]
\scratchcounter=\count144
\scratchdimen=\dimen133
\scratchbox=\box32
\nofMPsegments=\count145
\nofMParguments=\count146
\everyMPshowfont=\toks26
\MPscratchCnt=\count147
\MPscratchDim=\dimen134
\MPnumerator=\count148
\makeMPintoPDFobject=\count149
\everyMPtoPDFconversion=\toks27
) (/usr/share/texlive/texmf-dist/tex/latex/oberdiek/epstopdf-base.sty
Package: epstopdf-base 2010/02/09 v2.5 Base part for package epstopdf

(/usr/share/texlive/texmf-dist/tex/latex/oberdiek/grfext.sty
Package: grfext 2010/08/19 v1.1 Manage graphics extensions (HO)
)
Package grfext Info: Graphics extension search list:
(grfext)             [.pdf,.png,.jpg,.mps,.jpeg,.jbig2,.jb2,.PNG,.PDF,.JPG,.JPE
G,.JBIG2,.JB2,.eps]
(grfext)             \AppendGraphicsExtensions on input line 452.

(/usr/share/texlive/texmf-dist/tex/latex/latexconfig/epstopdf-sys.cfg
File: epstopdf-sys.cfg 2010/07/13 v1.3 Configuration of (r)epstopdf for TeX Liv
e
))
\AtBeginShipoutBox=\box33
Package hyperref Info: Link coloring ON on input line 63.

(/usr/share/texlive/texmf-dist/tex/latex/hyperref/nameref.sty
Package: nameref 2012/10/27 v2.43 Cross-referencing by name of section

(/usr/share/texlive/texmf-dist/tex/generic/oberdiek/gettitlestring.sty
Package: gettitlestring 2010/12/03 v1.4 Cleanup title references (HO)
)
\c@section@level=\count150
)
LaTeX Info: Redefining \ref on input line 63.
LaTeX Info: Redefining \pageref on input line 63.
LaTeX Info: Redefining \nameref on input line 63.

(./QuarkoniaProd.out) (./QuarkoniaProd.out)
\@outlinefile=\write3
\openout3 = `QuarkoniaProd.out'.

Package caption Info: Begin \AtBeginDocument code.
Package caption Info: subfig package v1.3 is loaded.
Package caption Info: End \AtBeginDocument code.
LaTeX Font Info:    Try loading font information for U+msa on input line 70.

(/usr/share/texlive/texmf-dist/tex/latex/amsfonts/umsa.fd
File: umsa.fd 2013/01/14 v3.01 AMS symbols A
)
LaTeX Font Info:    Try loading font information for U+msb on input line 70.

(/usr/share/texlive/texmf-dist/tex/latex/amsfonts/umsb.fd
File: umsb.fd 2013/01/14 v3.01 AMS symbols B
) [1

{/var/lib/texmf/fonts/map/pdftex/updmap/pdftex.map}] [2] [3]

Package hyperref Warning: Token not allowed in a PDF string (PDFDocEncoding):
(hyperref)                removing `math shift' on input line 305.


Package hyperref Warning: Token not allowed in a PDF string (PDFDocEncoding):
(hyperref)                removing `math shift' on input line 305.

[4] [5] [6] <Fig1a_Chic1_ATLAS_Fit.pdf, id=249, 569.12625pt x 548.0475pt>
File: Fig1a_Chic1_ATLAS_Fit.pdf Graphic file (type pdf)

<use Fig1a_Chic1_ATLAS_Fit.pdf>
Package pdftex.def Info: Fig1a_Chic1_ATLAS_Fit.pdf used on input line 574.
(pdftex.def)             Requested size: 218.73843pt x 210.63516pt.

<Fig1b_Chic2_ATLAS_Fit.pdf, id=250, 569.12625pt x 548.0475pt>
File: Fig1b_Chic2_ATLAS_Fit.pdf Graphic file (type pdf)

<use Fig1b_Chic2_ATLAS_Fit.pdf>
Package pdftex.def Info: Fig1b_Chic2_ATLAS_Fit.pdf used on input line 575.
(pdftex.def)             Requested size: 218.73843pt x 210.63516pt.

<Fig1c_Chic1_CDF_Fit.pdf, id=251, 569.12625pt x 548.0475pt>
File: Fig1c_Chic1_CDF_Fit.pdf Graphic file (type pdf)

<use Fig1c_Chic1_CDF_Fit.pdf>
Package pdftex.def Info: Fig1c_Chic1_CDF_Fit.pdf used on input line 581.
(pdftex.def)             Requested size: 223.19998pt x 214.9335pt.

<Fig2a_Chic2Chic1_CMS_Fit.pdf, id=256, 569.12625pt x 548.0475pt>
File: Fig2a_Chic2Chic1_CMS_Fit.pdf Graphic file (type pdf)

<use Fig2a_Chic2Chic1_CMS_Fit.pdf>
Package pdftex.def Info: Fig2a_Chic2Chic1_CMS_Fit.pdf used on input line 600.
(pdftex.def)             Requested size: 218.73843pt x 210.63516pt.

<Fig2b_Chic2Chic1_LHCb_Fit.pdf, id=257, 569.12625pt x 548.0475pt>
File: Fig2b_Chic2Chic1_LHCb_Fit.pdf Graphic file (type pdf)

<use Fig2b_Chic2Chic1_LHCb_Fit.pdf>
Package pdftex.def Info: Fig2b_Chic2Chic1_LHCb_Fit.pdf used on input line 601.
(pdftex.def)             Requested size: 218.73843pt x 210.63516pt.

<Fig3a_Psi2S_CMS_LowPt.pdf, id=262, 569.12625pt x 548.0475pt>
File: Fig3a_Psi2S_CMS_LowPt.pdf Graphic file (type pdf)

<use Fig3a_Psi2S_CMS_LowPt.pdf>
Package pdftex.def Info: Fig3a_Psi2S_CMS_LowPt.pdf used on input line 614.
(pdftex.def)             Requested size: 218.73843pt x 210.63516pt.

<Fig3b_Psi2S_CMS_HighPt.pdf, id=263, 569.12625pt x 548.0475pt>
File: Fig3b_Psi2S_CMS_HighPt.pdf Graphic file (type pdf)

<use Fig3b_Psi2S_CMS_HighPt.pdf>
Package pdftex.def Info: Fig3b_Psi2S_CMS_HighPt.pdf used on input line 615.
(pdftex.def)             Requested size: 218.73843pt x 210.63516pt.

<Fig3c_Psi2S_ATLAS.pdf, id=264, 569.12625pt x 548.0475pt>
File: Fig3c_Psi2S_ATLAS.pdf Graphic file (type pdf)

<use Fig3c_Psi2S_ATLAS.pdf>
Package pdftex.def Info: Fig3c_Psi2S_ATLAS.pdf used on input line 616.
(pdftex.def)             Requested size: 218.73843pt x 210.63516pt.

<Fig3d_Psi2S_ATLAS_8TeV.pdf, id=265, 569.12625pt x 548.0475pt>
File: Fig3d_Psi2S_ATLAS_8TeV.pdf Graphic file (type pdf)

<use Fig3d_Psi2S_ATLAS_8TeV.pdf>
Package pdftex.def Info: Fig3d_Psi2S_ATLAS_8TeV.pdf used on input line 617.
(pdftex.def)             Requested size: 218.73843pt x 210.63516pt.

Underfull \hbox (badness 1668) in paragraph at lines 614--626
[][] []
 []

<Fig4a_Psi2S_CDF_180TeV.pdf, id=272, 569.12625pt x 548.0475pt>
File: Fig4a_Psi2S_CDF_180TeV.pdf Graphic file (type pdf)

<use Fig4a_Psi2S_CDF_180TeV.pdf>
Package pdftex.def Info: Fig4a_Psi2S_CDF_180TeV.pdf used on input line 649.
(pdftex.def)             Requested size: 218.73843pt x 210.63516pt.

<Fig4b_Psi2S_CDF_196TeV.pdf, id=273, 569.12625pt x 548.0475pt>
File: Fig4b_Psi2S_CDF_196TeV.pdf Graphic file (type pdf)

<use Fig4b_Psi2S_CDF_196TeV.pdf>
Package pdftex.def Info: Fig4b_Psi2S_CDF_196TeV.pdf used on input line 650.
(pdftex.def)             Requested size: 218.73843pt x 210.63516pt.

<Fig4c_Psi2S_LHCb.pdf, id=274, 569.12625pt x 548.0475pt>
File: Fig4c_Psi2S_LHCb.pdf Graphic file (type pdf)

<use Fig4c_Psi2S_LHCb.pdf>
Package pdftex.def Info: Fig4c_Psi2S_LHCb.pdf used on input line 656.
(pdftex.def)             Requested size: 223.19998pt x 214.9335pt.

<Fig5a_CMS_New_D2NDPtDy_PromptJPsi_Y0009_Pt.pdf, id=281, 569.12625pt x 548.0475
pt>
File: Fig5a_CMS_New_D2NDPtDy_PromptJPsi_Y0009_Pt.pdf Graphic file (type pdf)
 <use Fig5a_CMS_New_D2NDPtDy_PromptJPsi_Y0009_Pt.pdf>
Package pdftex.def Info: Fig5a_CMS_New_D2NDPtDy_PromptJPsi_Y0009_Pt.pdf used on
 input line 676.
(pdftex.def)             Requested size: 218.73843pt x 210.63516pt.

<Fig5b_CMS_Latest_D2NDPtDy_PromptJPsi_Y0012_Pt.pdf, id=282, 569.12625pt x 548.0
475pt>
File: Fig5b_CMS_Latest_D2NDPtDy_PromptJPsi_Y0012_Pt.pdf Graphic file (type pdf)

 <use Fig5b_CMS_Latest_D2NDPtDy_PromptJPsi_Y0012_Pt.pdf>
Package pdftex.def Info: Fig5b_CMS_Latest_D2NDPtDy_PromptJPsi_Y0012_Pt.pdf used
 on input line 677.
(pdftex.def)             Requested size: 218.73843pt x 210.63516pt.

<Fig5c_ATLAS_7TeV_D2NDPtDy_PromptJPsi_Y0025_Pt.pdf, id=283, 569.12625pt x 548.0
475pt>
File: Fig5c_ATLAS_7TeV_D2NDPtDy_PromptJPsi_Y0025_Pt.pdf Graphic file (type pdf)

 <use Fig5c_ATLAS_7TeV_D2NDPtDy_PromptJPsi_Y0025_Pt.pdf>
Package pdftex.def Info: Fig5c_ATLAS_7TeV_D2NDPtDy_PromptJPsi_Y0025_Pt.pdf used
 on input line 678.
(pdftex.def)             Requested size: 218.73843pt x 210.63516pt.

<Fig5d_ATLAS_8TeV_D2NDPtDy_PromptJPsi_Y0025_Pt.pdf, id=284, 569.12625pt x 548.0
475pt>
File: Fig5d_ATLAS_8TeV_D2NDPtDy_PromptJPsi_Y0025_Pt.pdf Graphic file (type pdf)

 <use Fig5d_ATLAS_8TeV_D2NDPtDy_PromptJPsi_Y0025_Pt.pdf>
Package pdftex.def Info: Fig5d_ATLAS_8TeV_D2NDPtDy_PromptJPsi_Y0025_Pt.pdf used
 on input line 679.
(pdftex.def)             Requested size: 218.73843pt x 210.63516pt.

Underfull \hbox (badness 1668) in paragraph at lines 676--687
[][] []
 []


<Fig6a_CDF_RootS180TeV_D2NDPtDy_PromptJPsi_Y0006_Pt.pdf, id=291, 569.12625pt x 
548.0475pt>
File: Fig6a_CDF_RootS180TeV_D2NDPtDy_PromptJPsi_Y0006_Pt.pdf Graphic file (type
 pdf)
 <use Fig6a_CDF_RootS180TeV_D2NDPtDy_PromptJPsi_Y0006_Pt.pdf>
Package pdftex.def Info: Fig6a_CDF_RootS180TeV_D2NDPtDy_PromptJPsi_Y0006_Pt.pdf
 used on input line 692.
(pdftex.def)             Requested size: 218.73843pt x 210.63516pt.

<Fig6b_CDF_196TeV_D2NDPtDy_PromptJPsi_Y0006_Pt.pdf, id=292, 569.12625pt x 548.0
475pt>
File: Fig6b_CDF_196TeV_D2NDPtDy_PromptJPsi_Y0006_Pt.pdf Graphic file (type pdf)

 <use Fig6b_CDF_196TeV_D2NDPtDy_PromptJPsi_Y0006_Pt.pdf>
Package pdftex.def Info: Fig6b_CDF_196TeV_D2NDPtDy_PromptJPsi_Y0006_Pt.pdf used
 on input line 693.
(pdftex.def)             Requested size: 218.73843pt x 210.63516pt.

<Fig7a_LHCb_RootS7TeV_D2NDPtDy_PromptJPsi_Y2035_Pt.pdf, id=297, 569.12625pt x 5
48.0475pt>
File: Fig7a_LHCb_RootS7TeV_D2NDPtDy_PromptJPsi_Y2035_Pt.pdf Graphic file (type 
pdf)
 <use Fig7a_LHCb_RootS7TeV_D2NDPtDy_PromptJPsi_Y2035_Pt.pdf>
Package pdftex.def Info: Fig7a_LHCb_RootS7TeV_D2NDPtDy_PromptJPsi_Y2035_Pt.pdf 
used on input line 705.
(pdftex.def)             Requested size: 218.73843pt x 210.63516pt.

<Fig7b_LHCb_RootS13TeV_D2NDPtDy_PromptJPsi_Y2045_Pt.pdf, id=298, 569.12625pt x 
548.0475pt>
File: Fig7b_LHCb_RootS13TeV_D2NDPtDy_PromptJPsi_Y2045_Pt.pdf Graphic file (type
 pdf)
 <use Fig7b_LHCb_RootS13TeV_D2NDPtDy_PromptJPsi_Y2045_Pt.pdf>
Package pdftex.def Info: Fig7b_LHCb_RootS13TeV_D2NDPtDy_PromptJPsi_Y2045_Pt.pdf
 used on input line 706.
(pdftex.def)             Requested size: 218.73843pt x 210.63516pt.

<Fig8a_ATLAS_D2NDPtDy_RootS13TeV_PromptJPsi_Y2525.pdf, id=303, 569.12625pt x 54
8.0475pt>
File: Fig8a_ATLAS_D2NDPtDy_RootS13TeV_PromptJPsi_Y2525.pdf Graphic file (type p
df)
 <use Fig8a_ATLAS_D2NDPtDy_RootS13TeV_PromptJPsi_Y2525.pdf>
Package pdftex.def Info: Fig8a_ATLAS_D2NDPtDy_RootS13TeV_PromptJPsi_Y2525.pdf u
sed on input line 727.
(pdftex.def)             Requested size: 218.73843pt x 210.63516pt.

<Fig8b_ALICE_D2NDPtDy_RootS13TeV_PromptJPsi_Y2045.pdf, id=304, 569.12625pt x 54
8.0475pt>
File: Fig8b_ALICE_D2NDPtDy_RootS13TeV_PromptJPsi_Y2045.pdf Graphic file (type p
df)
 <use Fig8b_ALICE_D2NDPtDy_RootS13TeV_PromptJPsi_Y2045.pdf>
Package pdftex.def Info: Fig8b_ALICE_D2NDPtDy_RootS13TeV_PromptJPsi_Y2045.pdf u
sed on input line 728.
(pdftex.def)             Requested size: 218.73843pt x 210.63516pt.

<Fig9a_ATLAS_D2NDPtDy_RootS5TeV_PromptJPsi_Y2525.pdf, id=305, 569.12625pt x 548
.0475pt>
File: Fig9a_ATLAS_D2NDPtDy_RootS5TeV_PromptJPsi_Y2525.pdf Graphic file (type pd
f)
 <use Fig9a_ATLAS_D2NDPtDy_RootS5TeV_PromptJPsi_Y2525.pdf>
Package pdftex.def Info: Fig9a_ATLAS_D2NDPtDy_RootS5TeV_PromptJPsi_Y2525.pdf us
ed on input line 738.
(pdftex.def)             Requested size: 218.73843pt x 210.63516pt.

<Fig9b_ALICE_D2NDPtDy_RootS5TeV_PromptJPsi_Y2045.pdf, id=306, 569.12625pt x 548
.0475pt>
File: Fig9b_ALICE_D2NDPtDy_RootS5TeV_PromptJPsi_Y2045.pdf Graphic file (type pd
f)
 <use Fig9b_ALICE_D2NDPtDy_RootS5TeV_PromptJPsi_Y2045.pdf>
Package pdftex.def Info: Fig9b_ALICE_D2NDPtDy_RootS5TeV_PromptJPsi_Y2045.pdf us
ed on input line 739.
(pdftex.def)             Requested size: 218.73843pt x 210.63516pt.

Underfull \hbox (badness 1102) in paragraph at lines 764--771
\OML/cmm/m/it/12 J= \OT1/cmr/m/n/12 ))$, $\OML/cmm/m/it/12 M[]\OT1/cmr/m/n/12 (
\OML/cmm/m/it/12 c[]\OT1/cmr/m/n/12 ([[]\OML/cmm/m/it/12 S[]\OT1/cmr/m/n/12 ][]
\OML/cmm/m/it/12 ; \OT1/cmr/m/n/12 [[]\OML/cmm/m/it/12 P[]\OT1/cmr/m/n/12 ][]) 
\OMS/cmsy/m/n/12 ! \OML/cmm/m/it/12 J= \OT1/cmr/m/n/12 )$) for $\OML/cmm/m/it/1
2 J= $\OT1/cmr/m/n/12 , two ($\OML/cmm/m/it/12 M[]\OT1/cmr/m/n/12 (\OML/cmm/m/i
t/12 c[]\OT1/cmr/m/n/12 ([[]\OML/cmm/m/it/12 S[]\OT1/cmr/m/n/12 ][] \OMS/cmsy/m
/n/12 ! \OML/cmm/m/it/12  \OT1/cmr/m/n/12 (2\OML/cmm/m/it/12 S\OT1/cmr/m/n/12 )
))$,
 []

[7] [8 <./Fig1a_Chic1_ATLAS_Fit.pdf, page is rotated 90 degrees> <./Fig1b_Chic2
_ATLAS_Fit.pdf, page is rotated 90 degrees> <./Fig1c_Chic1_CDF_Fit.pdf, page is
 rotated 90 degrees>] [9 <./Fig2a_Chic2Chic1_CMS_Fit.pdf, page is rotated 90 de
grees> <./Fig2b_Chic2Chic1_LHCb_Fit.pdf, page is rotated 90 degrees>] [10 <./Fi
g3a_Psi2S_CMS_LowPt.pdf, page is rotated 90 degrees> <./Fig3b_Psi2S_CMS_HighPt.
pdf, page is rotated 90 degrees> <./Fig3c_Psi2S_ATLAS.pdf, page is rotated 90 d
egrees> <./Fig3d_Psi2S_ATLAS_8TeV.pdf, page is rotated 90 degrees>] [11 <./Fig4
a_Psi2S_CDF_180TeV.pdf, page is rotated 90 degrees> <./Fig4b_Psi2S_CDF_196TeV.p
df, page is rotated 90 degrees> <./Fig4c_Psi2S_LHCb.pdf, page is rotated 90 deg
rees>] [12 <./Fig5a_CMS_New_D2NDPtDy_PromptJPsi_Y0009_Pt.pdf, page is rotated 9
0 degrees> <./Fig5b_CMS_Latest_D2NDPtDy_PromptJPsi_Y0012_Pt.pdf, page is rotate
d 90 degrees> <./Fig5c_ATLAS_7TeV_D2NDPtDy_PromptJPsi_Y0025_Pt.pdf, page is rot
ated 90 degrees> <./Fig5d_ATLAS_8TeV_D2NDPtDy_PromptJPsi_Y0025_Pt.pdf, page is 
rotated 90 degrees>] [13 <./Fig6a_CDF_RootS180TeV_D2NDPtDy_PromptJPsi_Y0006_Pt.
pdf, page is rotated 90 degrees> <./Fig6b_CDF_196TeV_D2NDPtDy_PromptJPsi_Y0006_
Pt.pdf, page is rotated 90 degrees> <./Fig7a_LHCb_RootS7TeV_D2NDPtDy_PromptJPsi
_Y2035_Pt.pdf, page is rotated 90 degrees> <./Fig7b_LHCb_RootS13TeV_D2NDPtDy_Pr
omptJPsi_Y2045_Pt.pdf, page is rotated 90 degrees>] [14 <./Fig8a_ATLAS_D2NDPtDy
_RootS13TeV_PromptJPsi_Y2525.pdf, page is rotated 90 degrees> <./Fig8b_ALICE_D2
NDPtDy_RootS13TeV_PromptJPsi_Y2045.pdf, page is rotated 90 degrees> <./Fig9a_AT
LAS_D2NDPtDy_RootS5TeV_PromptJPsi_Y2525.pdf, page is rotated 90 degrees> <./Fig
9b_ALICE_D2NDPtDy_RootS5TeV_PromptJPsi_Y2045.pdf, page is rotated 90 degrees>]

LaTeX Warning: `h' float specifier changed to `ht'.

[15] [16] [17]
Missing character: There is no Ã in font cmr10!
Missing character: There is no ¤ in font cmr10!
Missing character: There is no â in font cmr10!
Missing character: There is no € in font cmr10!
Missing character: There is no ‰ in font cmr10!
Missing character: There is no â in font cmr10!
Missing character: There is no € in font cmr10!
Missing character: There is no ‰ in font cmr10!
 [18] [19]
Missing character: There is no Ï in font cmr10!
Missing character: There is no ˆ in font cmr10!
Missing character: There is no â in font cmr10!
Missing character: There is no € in font cmr10!
Missing character: There is no ‰ in font cmr10!
Missing character: There is no â in font cmr10!
Missing character: There is no € in font cmr10!
Missing character: There is no ‰ in font cmr10!
 [20]
Package atveryend Info: Empty hook `BeforeClearDocument' on input line 2025.
 [21]
Package atveryend Info: Empty hook `AfterLastShipout' on input line 2025.
 (./QuarkoniaProd.aux)
Package atveryend Info: Executing hook `AtVeryEndDocument' on input line 2025.
Package atveryend Info: Executing hook `AtEndAfterFileList' on input line 2025.

Package rerunfilecheck Info: File `QuarkoniaProd.out' has not changed.
(rerunfilecheck)             Checksum: 9C2EEFD2A415C26DBDC3AB105A209A57;220.
Package atveryend Info: Empty hook `AtVeryVeryEnd' on input line 2025.
 ) 
Here is how much of TeX's memory you used:
 9309 strings out of 493304
 136633 string characters out of 6139871
 349959 words of memory out of 5000000
 12454 multiletter control sequences out of 15000+600000
 17083 words of font info for 64 fonts, out of 8000000 for 9000
 957 hyphenation exceptions out of 8191
 44i,18n,44p,735b,454s stack positions out of 5000i,500n,10000p,200000b,80000s
</usr/share/texlive/texmf-dist/fonts/type1/public/amsfonts/cm/cmbx10.pfb></us
r/share/texlive/texmf-dist/fonts/type1/public/amsfonts/cm/cmbx12.pfb></usr/shar
e/texlive/texmf-dist/fonts/type1/public/amsfonts/cm/cmex10.pfb></usr/share/texl
ive/texmf-dist/fonts/type1/public/amsfonts/cm/cmmi10.pfb></usr/share/texlive/te
xmf-dist/fonts/type1/public/amsfonts/cm/cmmi12.pfb></usr/share/texlive/texmf-di
st/fonts/type1/public/amsfonts/cm/cmmi5.pfb></usr/share/texlive/texmf-dist/font
s/type1/public/amsfonts/cm/cmmi6.pfb></usr/share/texlive/texmf-dist/fonts/type1
/public/amsfonts/cm/cmmi7.pfb></usr/share/texlive/texmf-dist/fonts/type1/public
/amsfonts/cm/cmmi8.pfb></usr/share/texlive/texmf-dist/fonts/type1/public/amsfon
ts/cm/cmr10.pfb></usr/share/texlive/texmf-dist/fonts/type1/public/amsfonts/cm/c
mr12.pfb></usr/share/texlive/texmf-dist/fonts/type1/public/amsfonts/cm/cmr5.pfb
></usr/share/texlive/texmf-dist/fonts/type1/public/amsfonts/cm/cmr7.pfb></usr/s
hare/texlive/texmf-dist/fonts/type1/public/amsfonts/cm/cmr8.pfb></usr/share/tex
live/texmf-dist/fonts/type1/public/amsfonts/cm/cmsy10.pfb></usr/share/texlive/t
exmf-dist/fonts/type1/public/amsfonts/cm/cmsy7.pfb></usr/share/texlive/texmf-di
st/fonts/type1/public/amsfonts/cm/cmsy8.pfb></usr/share/texlive/texmf-dist/font
s/type1/public/amsfonts/cm/cmti10.pfb></usr/share/texlive/texmf-dist/fonts/type
1/public/amsfonts/cm/cmtt10.pfb>
Output written on QuarkoniaProd.pdf (21 pages, 675041 bytes).
PDF statistics:
 1654 PDF objects out of 1728 (max. 8388607)
 954 compressed objects within 10 object streams
 150 named destinations out of 1000 (max. 500000)
 153 words of extra memory for PDF output out of 10000 (max. 10000000)

