This is pdfTeX, Version 3.1415926-2.5-1.40.14 (TeX Live 2013/Debian) (format=pdflatex 2014.7.12)  8 APR 2016 11:34
entering extended mode
 restricted \write18 enabled.
 %&-line parsing enabled.
**24022016_QurkoniaProd.tex
(./24022016_QurkoniaProd.tex
LaTeX2e <2011/06/27>
Babel <3.9h> and hyphenation patterns for 78 languages loaded.
(./revtex4-1.cls
Document Class: revtex4-1 2010/07/25/20:33:00 4.1r (http://publish.aps.org/revt
ex4/ for documentation)
 Copyright (c) 2009 The American Physical Society.
 mailto:revtex@aps.org
 Licensed under the LPPL:
http://www.ctan.org/tex-archive/macros/latex/base/lppl.txt
 Arthur Ogawa <arthur_ogawa at sbcglobal dot net>
 Based on work by David Carlisle <david at dcarlisle.demon.co.uk>.
ltxutil[2010/07/25/20:33:00 4.1r utilities package (portions licensed from W. E
. Baxter web at superscript.com)]
LaTeX Info: Redefining \@centercr on input line 308.
Class revtex4-1 Info: Repairing broken LaTeX eqnarray on input line 358.
\eqncolsep=\skip41
Class revtex4-1 Info: Repairing hyperref-unfriendly LaTeX definition of \mpfoot
note on input line 433.
Class revtex4-1 Info: Repairing broken LateX \@sect on input line 755.
\intertabularlinepenalty=\count79
\@tbpen=\count80
\@arstrutbox@hline=\box26
Class revtex4-1 Info: Repairing broken LaTeX \@xbitor on input line 1786.
Class revtex4-1 Info: Making \typeout \long on input line 2046.
ltxfront[2010/07/25/20:33:00 4.1r frontmatter package (AO,DPC)]
\c@affil=\count81
\c@collab=\count82
\absbox=\box27
ltxgrid[2010/07/25/20:33:00 4.1r page grid package (portions licensed from W. E
. Baxter web at superscript.com)]
\c@linecount=\count83
\output@latex=\toks14
\box@size@1=\box28
\box@size@2=\box29
\@protection@box=\box30
\@topmark@saved=\toks15
\footins@saved=\box31
\footins@recovered=\box32
\column@recovered=\box33
\pagesofar=\box34
\footsofar=\box35
\pagegrid@col=\count84
Class revtex4-1 Info: Overriding \@vspace, \@vspacer, \@no@pgbk, \@newline, and
 \\  on input line 5578.
\c@part=\count85
\c@section=\count86
\c@subsection=\count87
\c@subsubsection=\count88
\c@paragraph=\count89
\c@subparagraph=\count90
\abovecaptionskip=\skip42
\belowcaptionskip=\skip43
\c@figure=\count91
\fbox@1=\box36
\c@table=\count92
\fbox@2=\box37
\c@video=\count93
\fbox@4=\box38
\@bibdataout=\write3
\widetext@top=\box39
\widetext@bot=\box40
Class revtex4-1 Info: Selecting society aps on input line 7542.
(./aps4-1.rtx
File: aps4-1 2010/07/25/20:33:00 4.1r (http://publish.aps.org/revtex4/ for docu
mentation)
Class revtex4-1 Info: RevTeX society APS selected on input line 31.
)
Class revtex4-1 Info: Selecting journal prc on input line 7544.
Class revtex4-1 Info: APS journal PRC selected on input line 7545.
 (./aps12pt4-1.rtx
File: aps12pt4-1 2010/07/25/20:33:00 4.1r (http://publish.aps.org/revtex4/ for 
documentation)
Class revtex4-1 Info: RevTeX pointsize 12pt selected on input line 30.
) (./textcase.sty
Package: textcase 2004/10/07 v0.07 Text only upper/lower case changing (DPC)
)
(/usr/share/texlive/texmf-dist/tex/latex/amsmath/amsmath.sty
Package: amsmath 2013/01/14 v2.14 AMS math features
\@mathmargin=\skip44

For additional information on amsmath, use the `?' option.
(/usr/share/texlive/texmf-dist/tex/latex/amsmath/amstext.sty
Package: amstext 2000/06/29 v2.01

(/usr/share/texlive/texmf-dist/tex/latex/amsmath/amsgen.sty
File: amsgen.sty 1999/11/30 v2.0
\@emptytoks=\toks16
\ex@=\dimen102
)
LaTeX Info: Redefining \text on input line 39.
)
(/usr/share/texlive/texmf-dist/tex/latex/amsmath/amsbsy.sty
Package: amsbsy 1999/11/29 v1.2d
\pmbraise@=\dimen103
)
(/usr/share/texlive/texmf-dist/tex/latex/amsmath/amsopn.sty
Package: amsopn 1999/12/14 v2.01 operator names
)
\inf@bad=\count94
LaTeX Info: Redefining \frac on input line 210.
\uproot@=\count95
\leftroot@=\count96
LaTeX Info: Redefining \overline on input line 306.
\classnum@=\count97
\DOTSCASE@=\count98
LaTeX Info: Redefining \ldots on input line 378.
LaTeX Info: Redefining \dots on input line 381.
LaTeX Info: Redefining \cdots on input line 466.
\Mathstrutbox@=\box41
\strutbox@=\box42
\big@size=\dimen104
LaTeX Font Info:    Redeclaring font encoding OML on input line 566.
LaTeX Font Info:    Redeclaring font encoding OMS on input line 567.
\macc@depth=\count99
\c@MaxMatrixCols=\count100
\dotsspace@=\muskip10
\c@parentequation=\count101
\dspbrk@lvl=\count102
\tag@help=\toks17
\row@=\count103
\column@=\count104
\maxfields@=\count105
\andhelp@=\toks18
\eqnshift@=\dimen105
\alignsep@=\dimen106
\tagshift@=\dimen107
\tagwidth@=\dimen108
\totwidth@=\dimen109
\lineht@=\dimen110
\@envbody=\toks19
\multlinegap=\skip45
\multlinetaggap=\skip46
\mathdisplay@stack=\toks20
LaTeX Info: Redefining \[ on input line 2665.
LaTeX Info: Redefining \] on input line 2666.
)
(/usr/share/texlive/texmf-dist/tex/latex/url/url.sty
\Urlmuskip=\muskip11
Package: url 2013/09/16  ver 3.4  Verb mode for urls, etc.
)
(/usr/share/texlive/texmf-dist/tex/latex/natbib/natbib.sty
Package: natbib 2010/09/13 8.31b (PWD, AO)
\bibhang=\skip47
\bibsep=\skip48
LaTeX Info: Redefining \cite on input line 694.
\c@NAT@ctr=\count106
)
Class revtex4-1 Info: Repairing natbib's \BibitemShut on input line 7549.
 (./revsymb4-1.sty
Package: revsymb4-1 2010/07/25/20:33:00 4.1r (http://publish.aps.org/revtex4/ f
or documentation)
LaTeX Info: Redefining \REV@mathfrak on input line 119.
)) (/usr/share/texlive/texmf-dist/tex/latex/graphics/graphicx.sty
Package: graphicx 1999/02/16 v1.0f Enhanced LaTeX Graphics (DPC,SPQR)

(/usr/share/texlive/texmf-dist/tex/latex/graphics/keyval.sty
Package: keyval 1999/03/16 v1.13 key=value parser (DPC)
\KV@toks@=\toks21
)
(/usr/share/texlive/texmf-dist/tex/latex/graphics/graphics.sty
Package: graphics 2009/02/05 v1.0o Standard LaTeX Graphics (DPC,SPQR)

(/usr/share/texlive/texmf-dist/tex/latex/graphics/trig.sty
Package: trig 1999/03/16 v1.09 sin cos tan (DPC)
)
(/usr/share/texlive/texmf-dist/tex/latex/latexconfig/graphics.cfg
File: graphics.cfg 2010/04/23 v1.9 graphics configuration of TeX Live
)
Package graphics Info: Driver file: pdftex.def on input line 91.

(/usr/share/texlive/texmf-dist/tex/latex/pdftex-def/pdftex.def
File: pdftex.def 2011/05/27 v0.06d Graphics/color for pdfTeX

(/usr/share/texlive/texmf-dist/tex/generic/oberdiek/infwarerr.sty
Package: infwarerr 2010/04/08 v1.3 Providing info/warning/error messages (HO)
)
(/usr/share/texlive/texmf-dist/tex/generic/oberdiek/ltxcmds.sty
Package: ltxcmds 2011/11/09 v1.22 LaTeX kernel commands for general use (HO)
)
\Gread@gobject=\count107
))
\Gin@req@height=\dimen111
\Gin@req@width=\dimen112
)
(/usr/share/texmf/tex/latex/xcolor/xcolor.sty
Package: xcolor 2007/01/21 v2.11 LaTeX color extensions (UK)

(/usr/share/texlive/texmf-dist/tex/latex/latexconfig/color.cfg
File: color.cfg 2007/01/18 v1.5 color configuration of teTeX/TeXLive
)
Package xcolor Info: Package option `usenames' ignored on input line 216.
Package xcolor Info: Driver file: pdftex.def on input line 225.

(/usr/share/texlive/texmf-dist/tex/latex/colortbl/colortbl.sty
Package: colortbl 2012/02/13 v1.0a Color table columns (DPC)

(/usr/share/texlive/texmf-dist/tex/latex/tools/array.sty
Package: array 2008/09/09 v2.4c Tabular extension package (FMi)
\col@sep=\dimen113
\extrarowheight=\dimen114
\NC@list=\toks22
\extratabsurround=\skip49
\backup@length=\skip50
)
\everycr=\toks23
\minrowclearance=\skip51
)
\rownum=\count108
Package xcolor Info: Model `cmy' substituted by `cmy0' on input line 1337.
Package xcolor Info: Model `hsb' substituted by `rgb' on input line 1341.
Package xcolor Info: Model `RGB' extended on input line 1353.
Package xcolor Info: Model `HTML' substituted by `rgb' on input line 1355.
Package xcolor Info: Model `Hsb' substituted by `hsb' on input line 1356.
Package xcolor Info: Model `tHsb' substituted by `hsb' on input line 1357.
Package xcolor Info: Model `HSB' substituted by `hsb' on input line 1358.
Package xcolor Info: Model `Gray' substituted by `gray' on input line 1359.
Package xcolor Info: Model `wave' substituted by `hsb' on input line 1360.

(/usr/share/texlive/texmf-dist/tex/latex/graphics/dvipsnam.def
File: dvipsnam.def 1999/02/16 v3.0i Driver-dependant file (DPC,SPQR)
)
(/usr/share/texmf/tex/latex/xcolor/svgnam.def
File: svgnam.def 2007/01/21 v2.11 Predefined colors according to SVG 1.1 (UK)
))
(/usr/share/texlive/texmf-dist/tex/latex/rotating/rotating.sty
Package: rotating 2009/03/28 v2.16a rotated objects in LaTeX

(/usr/share/texlive/texmf-dist/tex/latex/base/ifthen.sty
Package: ifthen 2001/05/26 v1.1c Standard LaTeX ifthen package (DPC)
)
\c@r@tfl@t=\count109
\rotFPtop=\skip52
\rotFPbot=\skip53
\rot@float@box=\box43
\rot@mess@toks=\toks24
)
(/usr/share/texlive/texmf-dist/tex/latex/tools/dcolumn.sty
Package: dcolumn 2001/05/28 v1.06 decimal alignment package (DPC)
)
(/usr/share/texlive/texmf-dist/tex/latex/tools/bm.sty
Package: bm 2004/02/26 v1.1c Bold Symbol Support (DPC/FMi)
\symboldoperators=\mathgroup4
\symboldletters=\mathgroup5
\symboldsymbols=\mathgroup6
LaTeX Font Info:    Redeclaring math alphabet \mathbf on input line 138.
LaTeX Info: Redefining \bm on input line 204.
)
(/usr/share/texlive/texmf-dist/tex/latex/graphics/epsfig.sty
Package: epsfig 1999/02/16 v1.7a (e)psfig emulation (SPQR)
\epsfxsize=\dimen115
\epsfysize=\dimen116
)
(/usr/share/texlive/texmf-dist/tex/latex/hyperref/hyperref.sty
Package: hyperref 2012/11/06 v6.83m Hypertext links for LaTeX

(/usr/share/texlive/texmf-dist/tex/generic/oberdiek/hobsub-hyperref.sty
Package: hobsub-hyperref 2012/05/28 v1.13 Bundle oberdiek, subset hyperref (HO)


(/usr/share/texlive/texmf-dist/tex/generic/oberdiek/hobsub-generic.sty
Package: hobsub-generic 2012/05/28 v1.13 Bundle oberdiek, subset generic (HO)
Package: hobsub 2012/05/28 v1.13 Construct package bundles (HO)
Package hobsub Info: Skipping package `infwarerr' (already loaded).
Package hobsub Info: Skipping package `ltxcmds' (already loaded).
Package: ifluatex 2010/03/01 v1.3 Provides the ifluatex switch (HO)
Package ifluatex Info: LuaTeX not detected.
Package: ifvtex 2010/03/01 v1.5 Detect VTeX and its facilities (HO)
Package ifvtex Info: VTeX not detected.
Package: intcalc 2007/09/27 v1.1 Expandable calculations with integers (HO)
Package: ifpdf 2011/01/30 v2.3 Provides the ifpdf switch (HO)
Package ifpdf Info: pdfTeX in PDF mode is detected.
Package: etexcmds 2011/02/16 v1.5 Avoid name clashes with e-TeX commands (HO)
Package etexcmds Info: Could not find \expanded.
(etexcmds)             That can mean that you are not using pdfTeX 1.50 or
(etexcmds)             that some package has redefined \expanded.
(etexcmds)             In the latter case, load this package earlier.
Package: kvsetkeys 2012/04/25 v1.16 Key value parser (HO)
Package: kvdefinekeys 2011/04/07 v1.3 Define keys (HO)
Package: pdftexcmds 2011/11/29 v0.20 Utility functions of pdfTeX for LuaTeX (HO
)
Package pdftexcmds Info: LuaTeX not detected.
Package pdftexcmds Info: \pdf@primitive is available.
Package pdftexcmds Info: \pdf@ifprimitive is available.
Package pdftexcmds Info: \pdfdraftmode found.
Package: pdfescape 2011/11/25 v1.13 Implements pdfTeX's escape features (HO)
Package: bigintcalc 2012/04/08 v1.3 Expandable calculations on big integers (HO
)
Package: bitset 2011/01/30 v1.1 Handle bit-vector datatype (HO)
Package: uniquecounter 2011/01/30 v1.2 Provide unlimited unique counter (HO)
)
Package hobsub Info: Skipping package `hobsub' (already loaded).
Package: letltxmacro 2010/09/02 v1.4 Let assignment for LaTeX macros (HO)
Package: hopatch 2012/05/28 v1.2 Wrapper for package hooks (HO)
Package: xcolor-patch 2011/01/30 xcolor patch
Package: atveryend 2011/06/30 v1.8 Hooks at the very end of document (HO)
Package: atbegshi 2011/10/05 v1.16 At begin shipout hook (HO)
Package: refcount 2011/10/16 v3.4 Data extraction from label references (HO)
Package: hycolor 2011/01/30 v1.7 Color options for hyperref/bookmark (HO)
)
(/usr/share/texlive/texmf-dist/tex/generic/ifxetex/ifxetex.sty
Package: ifxetex 2010/09/12 v0.6 Provides ifxetex conditional
)
(/usr/share/texlive/texmf-dist/tex/latex/oberdiek/auxhook.sty
Package: auxhook 2011/03/04 v1.3 Hooks for auxiliary files (HO)
)
(/usr/share/texlive/texmf-dist/tex/latex/oberdiek/kvoptions.sty
Package: kvoptions 2011/06/30 v3.11 Key value format for package options (HO)
)
\@linkdim=\dimen117
\Hy@linkcounter=\count110
\Hy@pagecounter=\count111

(/usr/share/texlive/texmf-dist/tex/latex/hyperref/pd1enc.def
File: pd1enc.def 2012/11/06 v6.83m Hyperref: PDFDocEncoding definition (HO)
)
\Hy@SavedSpaceFactor=\count112

(/usr/share/texlive/texmf-dist/tex/latex/latexconfig/hyperref.cfg
File: hyperref.cfg 2002/06/06 v1.2 hyperref configuration of TeXLive
)
Package hyperref Info: Hyper figures OFF on input line 4443.
Package hyperref Info: Link nesting OFF on input line 4448.
Package hyperref Info: Hyper index ON on input line 4451.
Package hyperref Info: Plain pages OFF on input line 4458.
Package hyperref Info: Backreferencing OFF on input line 4463.
Package hyperref Info: Implicit mode ON; LaTeX internals redefined.
Package hyperref Info: Bookmarks ON on input line 4688.
LaTeX Info: Redefining \href on input line 4952.
\c@Hy@tempcnt=\count113
LaTeX Info: Redefining \url on input line 5041.
\XeTeXLinkMargin=\dimen118
\Fld@menulength=\count114
\Field@Width=\dimen119
\Fld@charsize=\dimen120
Package hyperref Info: Hyper figures OFF on input line 6295.
Package hyperref Info: Link nesting OFF on input line 6300.
Package hyperref Info: Hyper index ON on input line 6303.
Package hyperref Info: backreferencing OFF on input line 6310.
Package hyperref Info: Link coloring OFF on input line 6315.
Package hyperref Info: Link coloring with OCG OFF on input line 6320.
Package hyperref Info: PDF/A mode OFF on input line 6325.
LaTeX Info: Redefining \ref on input line 6365.
LaTeX Info: Redefining \pageref on input line 6369.
\Hy@abspage=\count115
\c@Item=\count116
\c@Hfootnote=\count117
)

Package hyperref Message: Driver (autodetected): hpdftex.

(/usr/share/texlive/texmf-dist/tex/latex/hyperref/hpdftex.def
File: hpdftex.def 2012/11/06 v6.83m Hyperref driver for pdfTeX
\Fld@listcount=\count118
\c@bookmark@seq@number=\count119

(/usr/share/texlive/texmf-dist/tex/latex/oberdiek/rerunfilecheck.sty
Package: rerunfilecheck 2011/04/15 v1.7 Rerun checks for auxiliary files (HO)
Package uniquecounter Info: New unique counter `rerunfilecheck' on input line 2
82.
)
\Hy@SectionHShift=\skip54
)
(/usr/share/texlive/texmf-dist/tex/generic/ulem/ulem.sty
\UL@box=\box44
\UL@hyphenbox=\box45
\UL@skip=\skip55
\UL@hook=\toks25
\UL@height=\dimen121
\UL@pe=\count120
\UL@pixel=\dimen122
\ULC@box=\box46
Package: ulem 2012/05/18
\ULdepth=\dimen123
)
(/usr/share/texlive/texmf-dist/tex/latex/appendix/appendix.sty
Package: appendix 2009/09/02 v1.2b extra appendix facilities
\c@@pps=\count121
\c@@ppsavesec=\count122
\c@@ppsaveapp=\count123
)
Class revtex4-1 Info: colortbl package is loaded. (Proceeding with fingers cros
sed.) on input line 15.
Class revtex4-1 Info: Robustifying \LaTeX's \boldmath command on input line 15.

Class revtex4-1 Info: cite was not loaded (OK!) on input line 15.
Class revtex4-1 Info: mcite was not loaded (OK!) on input line 15.
Class revtex4-1 Info: multicol was not loaded (OK!) on input line 15.

No file 24022016_QurkoniaProd.aux.
\openout1 = `24022016_QurkoniaProd.aux'.

LaTeX Font Info:    Checking defaults for OML/cmm/m/it on input line 15.
LaTeX Font Info:    ... okay on input line 15.
LaTeX Font Info:    Checking defaults for T1/cmr/m/n on input line 15.
LaTeX Font Info:    ... okay on input line 15.
LaTeX Font Info:    Checking defaults for OT1/cmr/m/n on input line 15.
LaTeX Font Info:    ... okay on input line 15.
LaTeX Font Info:    Checking defaults for OMS/cmsy/m/n on input line 15.
LaTeX Font Info:    ... okay on input line 15.
LaTeX Font Info:    Checking defaults for OMX/cmex/m/n on input line 15.
LaTeX Font Info:    ... okay on input line 15.
LaTeX Font Info:    Checking defaults for U/cmr/m/n on input line 15.
LaTeX Font Info:    ... okay on input line 15.
LaTeX Font Info:    Checking defaults for PD1/pdf/m/n on input line 15.
LaTeX Font Info:    ... okay on input line 15.
(/usr/share/texlive/texmf-dist/tex/context/base/supp-pdf.mkii
[Loading MPS to PDF converter (version 2006.09.02).]
\scratchcounter=\count124
\scratchdimen=\dimen124
\scratchbox=\box47
\nofMPsegments=\count125
\nofMParguments=\count126
\everyMPshowfont=\toks26
\MPscratchCnt=\count127
\MPscratchDim=\dimen125
\MPnumerator=\count128
\makeMPintoPDFobject=\count129
\everyMPtoPDFconversion=\toks27
) (/usr/share/texlive/texmf-dist/tex/latex/oberdiek/epstopdf-base.sty
Package: epstopdf-base 2010/02/09 v2.5 Base part for package epstopdf

(/usr/share/texlive/texmf-dist/tex/latex/oberdiek/grfext.sty
Package: grfext 2010/08/19 v1.1 Manage graphics extensions (HO)
)
Package grfext Info: Graphics extension search list:
(grfext)             [.png,.pdf,.jpg,.mps,.jpeg,.jbig2,.jb2,.PNG,.PDF,.JPG,.JPE
G,.JBIG2,.JB2,.eps]
(grfext)             \AppendGraphicsExtensions on input line 452.

(/usr/share/texlive/texmf-dist/tex/latex/latexconfig/epstopdf-sys.cfg
File: epstopdf-sys.cfg 2010/07/13 v1.3 Configuration of (r)epstopdf for TeX Liv
e
))
\AtBeginShipoutBox=\box48
Package hyperref Info: Link coloring OFF on input line 15.

(/usr/share/texlive/texmf-dist/tex/latex/hyperref/nameref.sty
Package: nameref 2012/10/27 v2.43 Cross-referencing by name of section

(/usr/share/texlive/texmf-dist/tex/generic/oberdiek/gettitlestring.sty
Package: gettitlestring 2010/12/03 v1.4 Cleanup title references (HO)
)
\c@section@level=\count130
)
LaTeX Info: Redefining \ref on input line 15.
LaTeX Info: Redefining \pageref on input line 15.
LaTeX Info: Redefining \nameref on input line 15.
\@outlinefile=\write4
\openout4 = `24022016_QurkoniaProd.out'.

Class revtex4-1 Info: Taking \maketitle back from hyperref on input line 15.
\openout3 = `24022016_QurkoniaProdNotes.bib'.


[1{/var/lib/texmf/fonts/map/pdftex/updmap/pdftex.map}]

Package natbib Warning: Citation `Augustin:1974xw' on page 2 undefined on input
 line 96.


Package natbib Warning: Citation `Aubert:1974js' on page 2 undefined on input l
ine 96.


Package natbib Warning: Citation `Nason:1987xz' on page 2 undefined on input li
ne 111.


Package natbib Warning: Citation `Nason:1989zy' on page 2 undefined on input li
ne 111.


Package natbib Warning: Citation `Bodwin:1994jh' on page 2 undefined on input l
ine 117.


Package natbib Warning: Citation `Brambilla:2004wf' on page 2 undefined on inpu
t line 117.


Package natbib Warning: Citation `Einhorn:1975ua' on page 2 undefined on input 
line 124.


Package natbib Warning: Citation `Ellis:1976fj' on page 2 undefined on input li
ne 124.


Package natbib Warning: Citation `Carlson:1976cd' on page 2 undefined on input 
line 124.


Package natbib Warning: Citation `Berger:1980ni' on page 2 undefined on input l
ine 124.


Package natbib Warning: Citation `Schuler:1994hy' on page 2 undefined on input 
line 135.


Package natbib Warning: Citation `Artoisenet:2007xi' on page 2 undefined on inp
ut line 138.


Package natbib Warning: Citation `Campbell:2007ws' on page 2 undefined on input
 line 138.


Package natbib Warning: Citation `Artoisenet:2008fc' on page 2 undefined on inp
ut line 138.

[2]

Package natbib Warning: Citation `Fritzsch:1977ay' on page 3 undefined on input
 line 151.


Package natbib Warning: Citation `Amundson:1995em' on page 3 undefined on input
 line 151.


Package natbib Warning: Citation `Amundson:1996qr' on page 3 undefined on input
 line 151.


Package natbib Warning: Citation `Amundson:1996qr' on page 3 undefined on input
 line 164.


Package natbib Warning: Citation `Nayak:2005rw' on page 3 undefined on input li
ne 170.


Package natbib Warning: Citation `Nayak:2005rt' on page 3 undefined on input li
ne 170.


Package natbib Warning: Citation `Braaten:1996pv' on page 3 undefined on input 
line 177.


Package natbib Warning: Citation `Bodwin:1994jh' on page 3 undefined on input l
ine 182.

[3]

Package natbib Warning: Citation `Campbell:2007ws' on page 4 undefined on input
 line 206.


Package natbib Warning: Citation `Gong:2008sn' on page 4 undefined on input lin
e 206.


Package natbib Warning: Citation `Gong:2008sn' on page 4 undefined on input lin
e 208.


Package natbib Warning: Citation `Gong:2008ft' on page 4 undefined on input lin
e 210.


Package natbib Warning: Citation `Ma:2010vd' on page 4 undefined on input line 
212.


Package natbib Warning: Citation `Butenschoen:2012px' on page 4 undefined on in
put line 219.


Package natbib Warning: Citation `Chao:2012iv' on page 4 undefined on input lin
e 219.


Package natbib Warning: Citation `Gong:2012ug' on page 4 undefined on input lin
e 219.


Package natbib Warning: Citation `Gong:2012ug' on page 4 undefined on input lin
e 220.


Package natbib Warning: Citation `Butenschoen:2010rq' on page 4 undefined on in
put line 220.


Package natbib Warning: Citation `Ma:2010jj' on page 4 undefined on input line 
220.


Package natbib Warning: Citation `Butenschoen:2010rq' on page 4 undefined on in
put line 223.


Package natbib Warning: Citation `Ma:2010jj' on page 4 undefined on input line 
225.


Package natbib Warning: Citation `Butenschoen:2010rq' on page 4 undefined on in
put line 226.


Package natbib Warning: Citation `Ma:2010jj' on page 4 undefined on input line 
226.


Package natbib Warning: Citation `Chatrchyan:2011kc' on page 4 undefined on inp
ut line 233.


Package natbib Warning: Citation `Khachatryan:2015rra' on page 4 undefined on i
nput line 233.


Package natbib Warning: Citation `Aad:2015duc' on page 4 undefined on input lin
e 233.


Package natbib Warning: Citation `Acosta:2004yw' on page 4 undefined on input l
ine 234.


Package natbib Warning: Citation `Abe:1997yz' on page 4 undefined on input line
 234.


Package hyperref Warning: Token not allowed in a PDF string (PDFDocEncoding):
(hyperref)                removing `math shift' on input line 254.


Package hyperref Warning: Token not allowed in a PDF string (PDFDocEncoding):
(hyperref)                removing `math shift' on input line 254.

[4] [5]

Package natbib Warning: Citation `Baier:1983va' on page 6 undefined on input li
ne 315.


Package natbib Warning: Citation `Humpert:1986cy' on page 6 undefined on input 
line 315.


Package natbib Warning: Citation `Gastmans:1987be' on page 6 undefined on input
 line 315.


Package natbib Warning: Citation `Cho:1995vh' on page 6 undefined on input line
 316.


Package natbib Warning: Citation `Cho:1995ce' on page 6 undefined on input line
 316.


Package natbib Warning: Citation `Braaten:2000cm' on page 6 undefined on input 
line 316.


Package natbib Warning: Citation `Lai:2010vv' on page 6 undefined on input line
 317.


Overfull \hbox (10.01068pt too wide) in paragraph at lines 340--340
[] 
 []


LaTeX Warning: Reference `eq:dsigmaJ' on page 6 undefined on input line 354.

[6]

LaTeX Warning: Reference `table:CharmoniaBFs' on page 7 undefined on input line
 389.


Package natbib Warning: Citation `Cho:1995ce' on page 7 undefined on input line
 392.


Package natbib Warning: Citation `Cho:1995vh' on page 7 undefined on input line
 392.


Package natbib Warning: Citation `Cho:1995ce' on page 7 undefined on input line
 394.


Package natbib Warning: Citation `Cho:1995vh' on page 7 undefined on input line
 394.


Package natbib Warning: Citation `Eichten:1994gt' on page 7 undefined on input 
line 394.


Package natbib Warning: Citation `Chatrchyan:2011kc' on page 7 undefined on inp
ut line 410.


Package natbib Warning: Citation `Khachatryan:2015rra' on page 7 undefined on i
nput line 410.


Package natbib Warning: Citation `Aad:2015duc' on page 7 undefined on input lin
e 410.


Package natbib Warning: Citation `Acosta:2004yw' on page 7 undefined on input l
ine 411.


Package natbib Warning: Citation `Abe:1997yz' on page 7 undefined on input line
 415.


Package natbib Warning: Citation `Chatrchyan:2011kc' on page 7 undefined on inp
ut line 415.


Package natbib Warning: Citation `Abe:1997yz' on page 7 undefined on input line
 416.

[7]

Package natbib Warning: Citation `Nakamura:2010zzi' on page 8 undefined on inpu
t line 419.

[8]

Package natbib Warning: Citation `Abe:1997yz' on page 9 undefined on input line
 472.


LaTeX Warning: Reference `Fig:LDMEChicCDF' on page 9 undefined on input line 47
4.


Package natbib Warning: Citation `Chatrchyan:2011kc' on page 9 undefined on inp
ut line 491.


Package natbib Warning: Citation `Khachatryan:2015rra' on page 9 undefined on i
nput line 491.


Package natbib Warning: Citation `Aad:2015duc' on page 9 undefined on input lin
e 492.


Package natbib Warning: Citation `Acosta:2004yw' on page 9 undefined on input l
ine 493.


LaTeX Warning: Reference `Fig:LDMEPsi2S' on page 9 undefined on input line 495.



LaTeX Warning: Reference `Fig:LDMEPsi2SCDF' on page 9 undefined on input line 4
95.


Package natbib Warning: Citation `Chatrchyan:2011kc' on page 9 undefined on inp
ut line 510.


Package natbib Warning: Citation `Khachatryan:2015rra' on page 9 undefined on i
nput line 510.


Package natbib Warning: Citation `Aad:2015duc' on page 9 undefined on input lin
e 511.

[9]

Package natbib Warning: Citation `Acosta:2004yw' on page 10 undefined on input 
line 512.


LaTeX Warning: Reference `Fig:LDMEJPsi' on page 10 undefined on input line 514.



LaTeX Warning: Reference `Fig:LDMEJPsiCDF' on page 10 undefined on input line 5
14.


Package natbib Warning: Citation `Butenschoen:2010rq' on page 10 undefined on i
nput line 527.


Package natbib Warning: Citation `Butenschoen:2012px' on page 10 undefined on i
nput line 527.

<Figures/Chic/Chic1_CDF_Fit.pdf, id=87, 569.12625pt x 548.0475pt>
File: Figures/Chic/Chic1_CDF_Fit.pdf Graphic file (type pdf)

<use Figures/Chic/Chic1_CDF_Fit.pdf>
Package pdftex.def Info: Figures/Chic/Chic1_CDF_Fit.pdf used on input line 531.

(pdftex.def)             Requested size: 229.32257pt x 220.82907pt.


Package natbib Warning: Citation `Abe:1997yz' on page 10 undefined on input lin
e 535.


Package natbib Warning: Citation `Abe:1997yz' on page 10 undefined on input lin
e 535.

<Figures/Psi2S/Psi2S_CMS_LowPt.pdf, id=88, 569.12625pt x 548.0475pt>
File: Figures/Psi2S/Psi2S_CMS_LowPt.pdf Graphic file (type pdf)

<use Figures/Psi2S/Psi2S_CMS_LowPt.pdf>
Package pdftex.def Info: Figures/Psi2S/Psi2S_CMS_LowPt.pdf used on input line 5
39.
(pdftex.def)             Requested size: 229.32257pt x 220.82907pt.

<Figures/Psi2S/Psi2S_CMS_HighPt.pdf, id=89, 569.12625pt x 548.0475pt>
File: Figures/Psi2S/Psi2S_CMS_HighPt.pdf Graphic file (type pdf)

<use Figures/Psi2S/Psi2S_CMS_HighPt.pdf>
Package pdftex.def Info: Figures/Psi2S/Psi2S_CMS_HighPt.pdf used on input line 
540.
(pdftex.def)             Requested size: 229.32257pt x 220.82907pt.

<Figures/Psi2S/Psi2S_ATLAS.pdf, id=90, 569.12625pt x 548.0475pt>
File: Figures/Psi2S/Psi2S_ATLAS.pdf Graphic file (type pdf)

<use Figures/Psi2S/Psi2S_ATLAS.pdf>
Package pdftex.def Info: Figures/Psi2S/Psi2S_ATLAS.pdf used on input line 541.
(pdftex.def)             Requested size: 229.32257pt x 220.82907pt.

<Figures/Psi2S/Psi2S_ATLAS_8TeV.pdf, id=91, 569.12625pt x 548.0475pt>
File: Figures/Psi2S/Psi2S_ATLAS_8TeV.pdf Graphic file (type pdf)

<use Figures/Psi2S/Psi2S_ATLAS_8TeV.pdf>
Package pdftex.def Info: Figures/Psi2S/Psi2S_ATLAS_8TeV.pdf used on input line 
542.
(pdftex.def)             Requested size: 229.32257pt x 220.82907pt.


Package natbib Warning: Citation `Chatrchyan:2011kc' on page 10 undefined on in
put line 546.


Package natbib Warning: Citation `Khachatryan:2015rra' on page 10 undefined on 
input line 546.


Package natbib Warning: Citation `Aad:2015duc' on page 10 undefined on input li
ne 546.


Package natbib Warning: Citation `Chatrchyan:2011kc' on page 10 undefined on in
put line 546.


Package natbib Warning: Citation `Khachatryan:2015rra' on page 10 undefined on 
input line 546.


Package natbib Warning: Citation `Aad:2015duc' on page 10 undefined on input li
ne 546.

<Figures/Psi2S/Psi2S_CDF_180TeV.pdf, id=92, 569.12625pt x 548.0475pt>
File: Figures/Psi2S/Psi2S_CDF_180TeV.pdf Graphic file (type pdf)

<use Figures/Psi2S/Psi2S_CDF_180TeV.pdf>
Package pdftex.def Info: Figures/Psi2S/Psi2S_CDF_180TeV.pdf used on input line 
550.
(pdftex.def)             Requested size: 229.32257pt x 220.82907pt.

<Figures/Psi2S/Psi2S_CDF_196TeV.pdf, id=93, 569.12625pt x 548.0475pt>
File: Figures/Psi2S/Psi2S_CDF_196TeV.pdf Graphic file (type pdf)

<use Figures/Psi2S/Psi2S_CDF_196TeV.pdf>
Package pdftex.def Info: Figures/Psi2S/Psi2S_CDF_196TeV.pdf used on input line 
551.
(pdftex.def)             Requested size: 229.32257pt x 220.82907pt.


Package natbib Warning: Citation `Acosta:2004yw' on page 10 undefined on input 
line 555.


Package natbib Warning: Citation `Acosta:2004yw' on page 10 undefined on input 
line 555.


<Figures/JPsi/CMS_New_D2NDPtDy_PromptJPsi_Y0009_Pt.pdf, id=94, 569.12625pt x 54
8.0475pt>
File: Figures/JPsi/CMS_New_D2NDPtDy_PromptJPsi_Y0009_Pt.pdf Graphic file (type 
pdf)
 <use Figures/JPsi/CMS_New_D2NDPtDy_PromptJPsi_Y0009_Pt.pdf>
Package pdftex.def Info: Figures/JPsi/CMS_New_D2NDPtDy_PromptJPsi_Y0009_Pt.pdf 
used on input line 559.
(pdftex.def)             Requested size: 229.32257pt x 220.82907pt.

<Figures/JPsi/CMS_Latest_D2NDPtDy_PromptJPsi_Y0012_Pt.pdf, id=95, 569.12625pt x
 548.0475pt>
File: Figures/JPsi/CMS_Latest_D2NDPtDy_PromptJPsi_Y0012_Pt.pdf Graphic file (ty
pe pdf)
 <use Figures/JPsi/CMS_Latest_D2NDPtDy_PromptJPsi_Y0012_Pt.pdf>
Package pdftex.def Info: Figures/JPsi/CMS_Latest_D2NDPtDy_PromptJPsi_Y0012_Pt.p
df used on input line 560.
(pdftex.def)             Requested size: 229.32257pt x 220.82907pt.


LaTeX Warning: File `Figures/JPsi/ATLAS_New_D2NDPtDy_PromptJPsi_Y0025_Pt.pdf' n
ot found on input line 561.


! Package pdftex.def Error: File `Figures/JPsi/ATLAS_New_D2NDPtDy_PromptJPsi_Y0
025_Pt.pdf' not found.

See the pdftex.def package documentation for explanation.
Type  H <return>  for immediate help.
 ...                                              
                                                  
l.561 ...LAS_New_D2NDPtDy_PromptJPsi_Y0025_Pt.pdf}
                                                  
? 

<Figures/JPsi/ATLAS_8TeV_D2NDPtDy_PromptJPsi_Y0025_Pt.pdf, id=96, 569.12625pt x
 548.0475pt>
File: Figures/JPsi/ATLAS_8TeV_D2NDPtDy_PromptJPsi_Y0025_Pt.pdf Graphic file (ty
pe pdf)
 <use Figures/JPsi/ATLAS_8TeV_D2NDPtDy_PromptJPsi_Y0025_Pt.pdf>
Package pdftex.def Info: Figures/JPsi/ATLAS_8TeV_D2NDPtDy_PromptJPsi_Y0025_Pt.p
df used on input line 562.
(pdftex.def)             Requested size: 229.32257pt x 220.82907pt.


Package natbib Warning: Citation `Chatrchyan:2011kc' on page 10 undefined on in
put line 566.


Package natbib Warning: Citation `Khachatryan:2015rra' on page 10 undefined on 
input line 566.


Package natbib Warning: Citation `Aad:2015duc' on page 10 undefined on input li
ne 566.


Package natbib Warning: Citation `Chatrchyan:2011kc' on page 10 undefined on in
put line 566.


Package natbib Warning: Citation `Khachatryan:2015rra' on page 10 undefined on 
input line 566.


Package natbib Warning: Citation `Aad:2015duc' on page 10 undefined on input li
ne 566.


LaTeX Warning: File `Figures/JPsi/CDF_196TeV_D2NDPtDy_PromptJPsi_Y0025_Pt.pdf' 
not found on input line 570.


! Package pdftex.def Error: File `Figures/JPsi/CDF_196TeV_D2NDPtDy_PromptJPsi_Y
0025_Pt.pdf' not found.

See the pdftex.def package documentation for explanation.
Type  H <return>  for immediate help.
 ...                                              
                                                  
l.570 ..._196TeV_D2NDPtDy_PromptJPsi_Y0025_Pt.pdf}
                                                  
? 

Package natbib Warning: Citation `Acosta:2004yw' on page 10 undefined on input 
line 574.


Package natbib Warning: Citation `Acosta:2004yw' on page 10 undefined on input 
line 574.


LaTeX Warning: File `Fig1a_PromptJPsi_CMS_Y0012_S7TeV.pdf' not found on input l
ine 578.


! Package pdftex.def Error: File `Fig1a_PromptJPsi_CMS_Y0012_S7TeV.pdf' not fou
nd.

See the pdftex.def package documentation for explanation.
Type  H <return>  for immediate help.
 ...                                              
                                                  
l.578 ...th]{Fig1a_PromptJPsi_CMS_Y0012_S7TeV.pdf}
                                                  
? 

LaTeX Warning: File `Fig1b_Psi2S_CMS_Y012_S7TeV.pdf' not found on input line 57
9.


! Package pdftex.def Error: File `Fig1b_Psi2S_CMS_Y012_S7TeV.pdf' not found.

See the pdftex.def package documentation for explanation.
Type  H <return>  for immediate help.
 ...                                              
                                                  
l.579 ...extwidth]{Fig1b_Psi2S_CMS_Y012_S7TeV.pdf}
                                                  
? 

Package natbib Warning: Citation `Chatrchyan:2011kc' on page 10 undefined on in
put line 581.


Package natbib Warning: Citation `Khachatryan:2015rra' on page 10 undefined on 
input line 581.


Package natbib Warning: Citation `Chatrchyan:2011kc' on page 10 undefined on in
put line 581.


Package natbib Warning: Citation `Khachatryan:2015rra' on page 10 undefined on 
input line 581.


LaTeX Warning: Reference `Fig:SigmaPsi' on page 10 undefined on input line 586.



Package natbib Warning: Citation `Khachatryan:2015rra' on page 10 undefined on 
input line 588.


LaTeX Warning: Reference `Fig:SigmaPsi' on page 10 undefined on input line 590.



LaTeX Warning: Reference `Fig:SigmaPsi' on page 10 undefined on input line 596.



Package natbib Warning: Citation `Khachatryan:2015rra' on page 10 undefined on 
input line 597.

[10 <./Figures/Chic/Chic1_CDF_Fit.pdf, page is rotated 90 degrees>] [11 <./Figu
res/Psi2S/Psi2S_CMS_LowPt.pdf, page is rotated 90 degrees> <./Figures/Psi2S/Psi
2S_CMS_HighPt.pdf, page is rotated 90 degrees> <./Figures/Psi2S/Psi2S_ATLAS.pdf
, page is rotated 90 degrees> <./Figures/Psi2S/Psi2S_ATLAS_8TeV.pdf, page is ro
tated 90 degrees>] [12 <./Figures/Psi2S/Psi2S_CDF_180TeV.pdf, page is rotated 9
0 degrees> <./Figures/Psi2S/Psi2S_CDF_196TeV.pdf, page is rotated 90 degrees>]
[13 <./Figures/JPsi/CMS_New_D2NDPtDy_PromptJPsi_Y0009_Pt.pdf, page is rotated 9
0 degrees> <./Figures/JPsi/CMS_Latest_D2NDPtDy_PromptJPsi_Y0012_Pt.pdf, page is
 rotated 90 degrees> <./Figures/JPsi/ATLAS_8TeV_D2NDPtDy_PromptJPsi_Y0025_Pt.pd
f, page is rotated 90 degrees>] [14] [15]

Package hyperref Warning: Difference (2) between bookmark levels is greater 
(hyperref)                than one, level fixed on input line 638.

LaTeX Font Info:    Try loading font information for OMS+cmr on input line 640.

(/usr/share/texlive/texmf-dist/tex/latex/base/omscmr.fd
File: omscmr.fd 1999/05/25 v2.5h Standard LaTeX font definitions
)
LaTeX Font Info:    Font shape `OMS/cmr/m/n' in size <12> not available
(Font)              Font shape `OMS/cmsy/m/n' tried instead on input line 640.
 [16] [17]

Package amsmath Warning: Foreign command \over;
(amsmath)                \frac or \genfrac should be used instead
(amsmath)                 on input line 715.

[18] [19]
Overfull \hbox (21.15715pt too wide) in paragraph at lines 763--763
[] 
 []


Overfull \hbox (30.0pt too wide) detected at line 763
[][]
 []

[20] [21]
Overfull \hbox (28.31265pt too wide) in paragraph at lines 815--815
[] 
 []


Overfull \hbox (30.0pt too wide) detected at line 815
[][]
 []

[22]

LaTeX Warning: Reference `LastBibItem' on page 23 undefined on input line 830.

[23] [24] [25]
Missing character: There is no â in font cmr10!
Missing character: There is no € in font cmr10!
Missing character: There is no ‰ in font cmr10!
Missing character: There is no â in font cmr10!
Missing character: There is no € in font cmr10!
Missing character: There is no ‰ in font cmr10!
 [26]
No file 24022016_QurkoniaProd.bbl.

Package natbib Warning: There were undefined citations.

[27]
Package atveryend Info: Empty hook `AfterLastShipout' on input line 1245.
 (./24022016_QurkoniaProd.aux

Package natbib Warning: Citation(s) may have changed.
(natbib)                Rerun to get citations correct.

)
Package atveryend Info: Executing hook `AtVeryEndDocument' on input line 1245.
Package atveryend Info: Executing hook `AtEndAfterFileList' on input line 1245.



Package rerunfilecheck Warning: File `24022016_QurkoniaProd.out' has changed.
(rerunfilecheck)                Rerun to get outlines right
(rerunfilecheck)                or use package `bookmark'.

Package rerunfilecheck Info: Checksums for `24022016_QurkoniaProd.out':
(rerunfilecheck)             Before: <no file>
(rerunfilecheck)             After:  73F2E6B02F6214E765383093EE9600BE;730.

LaTeX Warning: There were undefined references.


LaTeX Warning: Label(s) may have changed. Rerun to get cross-references right .


 ) 
Here is how much of TeX's memory you used:
 9051 strings out of 493304
 128296 string characters out of 6139871
 271866 words of memory out of 5000000
 12264 multiletter control sequences out of 15000+600000
 18422 words of font info for 65 fonts, out of 8000000 for 9000
 957 hyphenation exceptions out of 8191
 41i,20n,35p,573b,617s stack positions out of 5000i,500n,10000p,200000b,80000s
</usr/share/texlive/texmf-dist/fonts/type1/public/amsfonts/cm/cmbx10.pfb></us
r/share/texlive/texmf-dist/fonts/type1/public/amsfonts/cm/cmbx12.pfb></usr/shar
e/texlive/texmf-dist/fonts/type1/public/amsfonts/cm/cmex10.pfb></usr/share/texl
ive/texmf-dist/fonts/type1/public/amsfonts/cm/cmmi10.pfb></usr/share/texlive/te
xmf-dist/fonts/type1/public/amsfonts/cm/cmmi12.pfb></usr/share/texlive/texmf-di
st/fonts/type1/public/amsfonts/cm/cmmi6.pfb></usr/share/texlive/texmf-dist/font
s/type1/public/amsfonts/cm/cmmi8.pfb></usr/share/texlive/texmf-dist/fonts/type1
/public/amsfonts/cm/cmr10.pfb></usr/share/texlive/texmf-dist/fonts/type1/public
/amsfonts/cm/cmr12.pfb></usr/share/texlive/texmf-dist/fonts/type1/public/amsfon
ts/cm/cmr8.pfb></usr/share/texlive/texmf-dist/fonts/type1/public/amsfonts/cm/cm
sy10.pfb></usr/share/texlive/texmf-dist/fonts/type1/public/amsfonts/cm/cmsy7.pf
b></usr/share/texlive/texmf-dist/fonts/type1/public/amsfonts/cm/cmsy8.pfb></usr
/share/texlive/texmf-dist/fonts/type1/public/amsfonts/cm/cmti10.pfb></usr/share
/texlive/texmf-dist/fonts/type1/public/amsfonts/cm/cmti12.pfb></usr/share/texli
ve/texmf-dist/fonts/type1/public/amsfonts/cm/cmtt10.pfb>
Output written on 24022016_QurkoniaProd.pdf (27 pages, 436662 bytes).
PDF statistics:
 754 PDF objects out of 1000 (max. 8388607)
 444 compressed objects within 5 object streams
 125 named destinations out of 1000 (max. 500000)
 51 words of extra memory for PDF output out of 10000 (max. 10000000)

